<?xml version="1.0" encoding="UTF-8"?>
<robot generator="Robot 6.1.1 (Python 3.13.9 on win32)" generated="20251116 19:13:12.006" rpa="false" schemaversion="4">
<suite id="s1" name="Tests" source="C:\Users\luukk\Documents\ohjelmistotuotanto\uusirepo\osa3\login-robot\src\tests">
<suite id="s1-s1" name="Login" source="C:\Users\luukk\Documents\ohjelmistotuotanto\uusirepo\osa3\login-robot\src\tests\login.robot">
<test id="s1-s1-t1" name="Login With Correct Credentials" line="6">
<kw name="Create User And Input Login Command" type="SETUP">
<kw name="Create User" library="AppLibrary">
<arg>kalle</arg>
<arg>kalle123</arg>
<status status="PASS" starttime="20251116 19:13:12.039" endtime="20251116 19:13:12.039"/>
</kw>
<kw name="Input Login Command" library="resource">
<kw name="Input" library="AppLibrary">
<arg>login</arg>
<status status="PASS" starttime="20251116 19:13:12.039" endtime="20251116 19:13:12.039"/>
</kw>
<status status="PASS" starttime="20251116 19:13:12.039" endtime="20251116 19:13:12.039"/>
</kw>
<status status="PASS" starttime="20251116 19:13:12.039" endtime="20251116 19:13:12.039"/>
</kw>
<kw name="Input Credentials" library="resource">
<arg>kalle</arg>
<arg>kalle123</arg>
<kw name="Input" library="AppLibrary">
<arg>${username}</arg>
<status status="PASS" starttime="20251116 19:13:12.040" endtime="20251116 19:13:12.040"/>
</kw>
<kw name="Input" library="AppLibrary">
<arg>${password}</arg>
<status status="PASS" starttime="20251116 19:13:12.040" endtime="20251116 19:13:12.040"/>
</kw>
<kw name="Run Application" library="AppLibrary">
<status status="PASS" starttime="20251116 19:13:12.040" endtime="20251116 19:13:12.040"/>
</kw>
<status status="PASS" starttime="20251116 19:13:12.039" endtime="20251116 19:13:12.040"/>
</kw>
<kw name="Output Should Contain" library="AppLibrary">
<arg>Logged in</arg>
<status status="PASS" starttime="20251116 19:13:12.040" endtime="20251116 19:13:12.040"/>
</kw>
<status status="PASS" starttime="20251116 19:13:12.038" endtime="20251116 19:13:12.040"/>
</test>
<test id="s1-s1-t2" name="Login With Incorrect Password" line="10">
<kw name="Create User And Input Login Command" type="SETUP">
<kw name="Create User" library="AppLibrary">
<arg>kalle</arg>
<arg>kalle123</arg>
<status status="PASS" starttime="20251116 19:13:12.042" endtime="20251116 19:13:12.042"/>
</kw>
<kw name="Input Login Command" library="resource">
<kw name="Input" library="AppLibrary">
<arg>login</arg>
<status status="PASS" starttime="20251116 19:13:12.042" endtime="20251116 19:13:12.042"/>
</kw>
<status status="PASS" starttime="20251116 19:13:12.042" endtime="20251116 19:13:12.042"/>
</kw>
<status status="PASS" starttime="20251116 19:13:12.042" endtime="20251116 19:13:12.042"/>
</kw>
<kw name="Input Credentials" library="resource">
<arg>kalle</arg>
<arg>kalle456</arg>
<kw name="Input" library="AppLibrary">
<arg>${username}</arg>
<status status="PASS" starttime="20251116 19:13:12.042" endtime="20251116 19:13:12.042"/>
</kw>
<kw name="Input" library="AppLibrary">
<arg>${password}</arg>
<status status="PASS" starttime="20251116 19:13:12.042" endtime="20251116 19:13:12.042"/>
</kw>
<kw name="Run Application" library="AppLibrary">
<status status="PASS" starttime="20251116 19:13:12.043" endtime="20251116 19:13:12.043"/>
</kw>
<status status="PASS" starttime="20251116 19:13:12.042" endtime="20251116 19:13:12.043"/>
</kw>
<kw name="Output Should Contain" library="AppLibrary">
<arg>Invalid username or password</arg>
<status status="PASS" starttime="20251116 19:13:12.043" endtime="20251116 19:13:12.043"/>
</kw>
<status status="PASS" starttime="20251116 19:13:12.041" endtime="20251116 19:13:12.043"/>
</test>
<test id="s1-s1-t3" name="Login With Nonexistent Username" line="14">
<kw name="Create User And Input Login Command" type="SETUP">
<kw name="Create User" library="AppLibrary">
<arg>kalle</arg>
<arg>kalle123</arg>
<status status="PASS" starttime="20251116 19:13:12.044" endtime="20251116 19:13:12.045"/>
</kw>
<kw name="Input Login Command" library="resource">
<kw name="Input" library="AppLibrary">
<arg>login</arg>
<status status="PASS" starttime="20251116 19:13:12.045" endtime="20251116 19:13:12.045"/>
</kw>
<status status="PASS" starttime="20251116 19:13:12.045" endtime="20251116 19:13:12.045"/>
</kw>
<status status="PASS" starttime="20251116 19:13:12.044" endtime="20251116 19:13:12.045"/>
</kw>
<kw name="Input Credentials" library="resource">
<arg>kallenen</arg>
<arg>kalle123</arg>
<kw name="Input" library="AppLibrary">
<arg>${username}</arg>
<status status="PASS" starttime="20251116 19:13:12.045" endtime="20251116 19:13:12.045"/>
</kw>
<kw name="Input" library="AppLibrary">
<arg>${password}</arg>
<status status="PASS" starttime="20251116 19:13:12.045" endtime="20251116 19:13:12.045"/>
</kw>
<kw name="Run Application" library="AppLibrary">
<status status="PASS" starttime="20251116 19:13:12.046" endtime="20251116 19:13:12.046"/>
</kw>
<status status="PASS" starttime="20251116 19:13:12.045" endtime="20251116 19:13:12.046"/>
</kw>
<kw name="Output Should Contain" library="AppLibrary">
<arg>Invalid username or password</arg>
<status status="PASS" starttime="20251116 19:13:12.046" endtime="20251116 19:13:12.046"/>
</kw>
<status status="PASS" starttime="20251116 19:13:12.044" endtime="20251116 19:13:12.046"/>
</test>
<status status="PASS" starttime="20251116 19:13:12.030" endtime="20251116 19:13:12.047"/>
</suite>
<status status="PASS" starttime="20251116 19:13:12.007" endtime="20251116 19:13:12.048"/>
</suite>
<statistics>
<total>
<stat pass="3" fail="0" skip="0">All Tests</stat>
</total>
<tag>
</tag>
<suite>
<stat pass="3" fail="0" skip="0" id="s1" name="Tests">Tests</stat>
<stat pass="3" fail="0" skip="0" id="s1-s1" name="Login">Tests.Login</stat>
</suite>
</statistics>
<errors>
</errors>
</robot>
